\o Program:		@(#)$CDS: libManager version 6.1.8 - CAT37 01/17/2024 18:07 (csvcm36c-7) $
\o Sub version:		sub-version  s353 
\o Arguments:		-unmapped -mpssession virtuoso1931102 -mpshost eda-2.EECS.Berkeley.EDU 
\o Working Directory:	eda-2.EECS.Berkeley.EDU:/scratch/di_wang/virtuoso_workdir/project
\o 64-bit offsets
\o Qt version: 		5.9.1
\o MPS virtuoso types registered: 65
\o changeWorkingDir("/scratch/di_wang/virtuoso_workdir/project") unnecessary.
\o ddSetForcedLib("") unnecessary.
\o Log file is "/scratch/di_wang/virtuoso_workdir/project/libManager.log".
\o Opening libManager window.
\a nrSetWindowVisibility(cdsLibManager "show")
\o MPS service: map window
\o Library Manager customization server connected.
\a nrSetCurrentWindow(cdsLibManager)
\a nrResizeWindow(cdsLibManager list(680 1264 602 491))
\a nrResizeWindow(cdsLibManager list(645 245 602 491))
\a nrSetCurrentWindow(cdsLibManager)
\a nrSetWindowVisibility(cdsLibManager "hide")
\a _lmgrCloseIconify("cdsLibManager" 1)
\o MPS service: shutdown
\o libManager is exiting.
\a exit(0)
